
RAxML-NG v. 1.2.2-master released on 30.04.2024 by The Exelixis Lab.
Developed by: Alexey M. Kozlov and Alexandros Stamatakis.
Contributors: Diego Darriba, Tomas Flouri, Benoit Morel, Sarah Lutteropp, Ben Bettisworth, Julia Haag, Anastasis Togkousidis.
Latest version: https://github.com/amkozlov/raxml-ng
Questions/problems/suggestions? Please visit: https://groups.google.com/forum/#!forum/raxml

System: Intel(R) Core(TM) i7-6700HQ CPU @ 2.60GHz, 4 cores, 7 GB RAM

RAxML-NG was called at 29-Aug-2025 18:34:06 as follows:

./raxml-ng --evaluate --msa ../dataset/050_258_p__Basidiomycota_c__Agaricomycetes_o__Boletales.fasta --model GTR+I+G --tree nj/nj_tree.nwk --prefix nj/nj_tree

Analysis options:
  run mode: Evaluate tree likelihood
  start tree(s): user
  random seed: 1756485246
  tip-inner: OFF
  pattern compression: ON
  per-rate scalers: OFF
  site repeats: ON
  logLH epsilon: general: 0.100000, brlen-triplet: 1000.000000
  branch lengths: proportional (ML estimate, algorithm: NR-FAST)
  SIMD kernels: AVX2
  parallelization: coarse-grained (auto), PTHREADS (auto)

[00:00:00] Reading alignment from file: ../dataset/050_258_p__Basidiomycota_c__Agaricomycetes_o__Boletales.fasta
[00:00:00] Loaded alignment with 259 taxa and 1703 sites

Alignment comprises 1 partitions and 1447 patterns

Partition 0: noname
Model: GTR+FO+I+G4m
Alignment sites / patterns: 1703 / 1447
Gaps: 68.01 %
Invariant sites: 30.48 %


NOTE: Binary MSA file created: nj/nj_tree.raxml.rba

Parallelization scheme autoconfig: 1 worker(s) x 4 thread(s)

[00:00:00] Loading user starting tree(s) from: nj/nj_tree.nwk
Parallel reduction/worker buffer size: 1 KB  / 0 KB

[00:00:00] Data distribution: max. partitions/sites/weight per thread: 1 / 362 / 5792
[00:00:00] Data distribution: max. searches per worker: 1

Evaluating 1 trees

[00:00:00] Tree #1, initial LogLikelihood: -73472.011737

[00:00:00 -73472.011737] Initial branch length optimization
[00:00:00 -67681.242674] Model parameter optimization (eps = 0.100000)

[00:00:04] Tree #1, final logLikelihood: -65458.422449


Optimized model parameters:

   Partition 0: noname
   Rate heterogeneity: GAMMA (4 cats, mean),  alpha: 0.783921 (ML),  weights&rates: (0.250000,0.092133) (0.250000,0.400579) (0.250000,0.952398) (0.250000,2.554890) 
   P-inv (ML): 0.090687
   Base frequencies (ML): 0.236868 0.237089 0.221004 0.305040 
   Substitution rates (ML): 1.106880 3.465114 1.380157 1.023860 4.079323 1.000000 


Final LogLikelihood: -65458.422449

AIC score: 131966.844898 / AICc score: 132436.088738 / BIC score: 134822.921905
Free parameters (model + branch lengths): 525

WARNING: Best ML tree contains 69 near-zero branches!

Best ML tree with collapsed near-zero branches saved to: /home/dzee/Documents/Projects/phylo-rl/raxml-ng/nj/nj_tree.raxml.bestTreeCollapsed
Best ML tree saved to: /home/dzee/Documents/Projects/phylo-rl/raxml-ng/nj/nj_tree.raxml.bestTree
Optimized model saved to: /home/dzee/Documents/Projects/phylo-rl/raxml-ng/nj/nj_tree.raxml.bestModel

Execution log saved to: /home/dzee/Documents/Projects/phylo-rl/raxml-ng/nj/nj_tree.raxml.log

Analysis started: 29-Aug-2025 18:34:06 / finished: 29-Aug-2025 18:34:10

Elapsed time: 4.224 seconds

