
RAxML-NG v. 1.2.2-master released on 30.04.2024 by The Exelixis Lab.
Developed by: Alexey M. Kozlov and Alexandros Stamatakis.
Contributors: Diego Darriba, Tomas Flouri, Benoit Morel, Sarah Lutteropp, Ben Bettisworth, Julia Haag, Anastasis Togkousidis.
Latest version: https://github.com/amkozlov/raxml-ng
Questions/problems/suggestions? Please visit: https://groups.google.com/forum/#!forum/raxml

System: Intel(R) Core(TM) i7-6700HQ CPU @ 2.60GHz, 4 cores, 7 GB RAM

RAxML-NG was called at 29-Aug-2025 17:43:38 as follows:

./raxml-ng --msa ../dataset/050_258_p__Basidiomycota_c__Agaricomycetes_o__Boletales.fasta --model GTR+I+G --prefix search/search

Analysis options:
  run mode: ML tree search
  start tree(s): random (10) + parsimony (10)
  random seed: 1756482218
  tip-inner: OFF
  pattern compression: ON
  per-rate scalers: OFF
  site repeats: ON
  logLH epsilon: general: 10.000000, brlen-triplet: 1000.000000
  fast spr radius: AUTO
  spr subtree cutoff: 1.000000
  fast CLV updates: ON
  branch lengths: proportional (ML estimate, algorithm: NR-FAST)
  SIMD kernels: AVX2
  parallelization: coarse-grained (auto), PTHREADS (auto)

[00:00:00] Reading alignment from file: ../dataset/050_258_p__Basidiomycota_c__Agaricomycetes_o__Boletales.fasta
[00:00:00] Loaded alignment with 259 taxa and 1703 sites

Alignment comprises 1 partitions and 1447 patterns

Partition 0: noname
Model: GTR+FO+I+G4m
Alignment sites / patterns: 1703 / 1447
Gaps: 68.01 %
Invariant sites: 30.48 %


NOTE: Binary MSA file created: search/search.raxml.rba

Parallelization scheme autoconfig: 4 worker(s) x 1 thread(s)

[00:00:00] Generating 10 random starting tree(s) with 259 taxa
[00:00:00] Generating 10 parsimony starting tree(s) with 259 taxa
Parallel parsimony with 4 threads
Parallel reduction/worker buffer size: 1 KB  / 0 KB

[00:00:00] Data distribution: max. partitions/sites/weight per thread: 1 / 1447 / 23152
[00:00:00] Data distribution: max. searches per worker: 5

Starting ML tree search with 20 distinct starting trees

[00:00:00 -94682.888304] Initial branch length optimization
[00:00:01 -85203.409902] Model parameter optimization (eps = 10.000000)
[00:00:37 -82091.624438] AUTODETECT spr round 1 (radius: 5)
[00:00:49 -76782.356846] AUTODETECT spr round 2 (radius: 10)
[00:01:27 -69000.092459] AUTODETECT spr round 3 (radius: 15)
[00:02:24 -65876.838241] AUTODETECT spr round 4 (radius: 20)
[00:03:30 -65416.892674] AUTODETECT spr round 5 (radius: 25)
[00:04:32 -65261.998922] SPR radius for FAST iterations: 25 (autodetect)
[00:04:32 -65261.998922] Model parameter optimization (eps = 3.000000)
[00:04:50 -65186.179254] FAST spr round 1 (radius: 25)
[00:05:49 -62872.830129] FAST spr round 2 (radius: 25)
[00:06:10 -62727.526290] FAST spr round 3 (radius: 25)
[00:06:26 -62719.655663] Model parameter optimization (eps = 1.000000)
[00:06:30 -62712.119344] SLOW spr round 1 (radius: 5)
[00:06:49 -62698.168583] SLOW spr round 2 (radius: 5)
[00:07:03 -62694.905320] SLOW spr round 3 (radius: 10)
[00:07:20 -62693.524926] SLOW spr round 4 (radius: 15)
[00:08:00 -62690.203386] SLOW spr round 5 (radius: 20)
[00:08:33 -62690.184617] SLOW spr round 6 (radius: 25)
[00:08:50] [worker #1] ML tree search #2, logLikelihood: -62716.750580
[00:08:52 -62690.184208] Model parameter optimization (eps = 0.100000)

[00:08:54] [worker #0] ML tree search #1, logLikelihood: -62689.822017

[00:08:54 -94604.513712] Initial branch length optimization
[00:08:55 -84985.513975] Model parameter optimization (eps = 10.000000)
[00:09:06 -81941.984452] AUTODETECT spr round 1 (radius: 5)
[00:09:09] [worker #2] ML tree search #3, logLikelihood: -62702.102034
[00:09:11] [worker #3] ML tree search #4, logLikelihood: -62716.210139
[00:09:12 -77219.392386] AUTODETECT spr round 2 (radius: 10)
[00:09:30 -70562.288591] AUTODETECT spr round 3 (radius: 15)
[00:09:58 -66859.371012] AUTODETECT spr round 4 (radius: 20)
[00:10:36 -66121.749955] AUTODETECT spr round 5 (radius: 25)
[00:11:07 -65861.366200] SPR radius for FAST iterations: 25 (autodetect)
[00:11:07 -65861.366200] Model parameter optimization (eps = 3.000000)
[00:11:15 -65790.218822] FAST spr round 1 (radius: 25)
[00:11:52 -62908.426854] FAST spr round 2 (radius: 25)
[00:12:14 -62751.614248] FAST spr round 3 (radius: 25)
[00:12:30 -62745.327840] Model parameter optimization (eps = 1.000000)
[00:12:33 -62743.434203] SLOW spr round 1 (radius: 5)
[00:12:51 -62722.100008] SLOW spr round 2 (radius: 5)
[00:13:05 -62721.771241] SLOW spr round 3 (radius: 10)
[00:13:23 -62716.778642] SLOW spr round 4 (radius: 15)
[00:14:03 -62713.740491] SLOW spr round 5 (radius: 20)
[00:14:42 -62713.727695] SLOW spr round 6 (radius: 25)
[00:15:00 -62713.727166] Model parameter optimization (eps = 0.100000)

[00:15:02] [worker #0] ML tree search #5, logLikelihood: -62713.404824

[00:15:02 -94916.307646] Initial branch length optimization
[00:15:02 -85326.007460] Model parameter optimization (eps = 10.000000)
[00:15:09] [worker #3] ML tree search #8, logLikelihood: -62719.953052
[00:15:14 -82191.947381] AUTODETECT spr round 1 (radius: 5)
[00:15:18 -77012.273112] AUTODETECT spr round 2 (radius: 10)
[00:15:28 -69484.233944] AUTODETECT spr round 3 (radius: 15)
[00:15:31] [worker #2] ML tree search #7, logLikelihood: -62689.763230
[00:15:49 -66107.347675] AUTODETECT spr round 4 (radius: 20)
[00:15:57] [worker #1] ML tree search #6, logLikelihood: -62707.207735
[00:16:19 -65293.545472] AUTODETECT spr round 5 (radius: 25)
[00:16:45 -65287.891086] SPR radius for FAST iterations: 25 (autodetect)
[00:16:45 -65287.891086] Model parameter optimization (eps = 3.000000)
[00:16:56 -65198.249188] FAST spr round 1 (radius: 25)
[00:17:29 -62881.124778] FAST spr round 2 (radius: 25)
[00:17:52 -62738.139262] FAST spr round 3 (radius: 25)
[00:18:09 -62718.710146] FAST spr round 4 (radius: 25)
[00:18:21 -62712.248196] Model parameter optimization (eps = 1.000000)
[00:18:23 -62710.299744] SLOW spr round 1 (radius: 5)
[00:18:39 -62699.641509] SLOW spr round 2 (radius: 5)
[00:18:53 -62698.078395] SLOW spr round 3 (radius: 10)
[00:19:12 -62696.889783] SLOW spr round 4 (radius: 15)
[00:19:57 -62696.861648] SLOW spr round 5 (radius: 20)
[00:20:29 -62696.860586] SLOW spr round 6 (radius: 25)
[00:20:33] [worker #3] ML tree search #12, logLikelihood: -62765.817581
[00:20:42 -62696.860552] Model parameter optimization (eps = 0.100000)

[00:20:44] [worker #0] ML tree search #9, logLikelihood: -62696.532651

[00:20:44 -69602.110351] Initial branch length optimization
[00:20:44 -65391.768733] Model parameter optimization (eps = 10.000000)
[00:20:49 -63361.930705] AUTODETECT spr round 1 (radius: 5)
[00:20:53 -63011.597982] AUTODETECT spr round 2 (radius: 10)
[00:21:08 -62920.027178] AUTODETECT spr round 3 (radius: 15)
[00:21:09] [worker #1] ML tree search #10, logLikelihood: -62710.875758
[00:21:33 -62903.316437] AUTODETECT spr round 4 (radius: 20)
[00:22:00 -62899.835498] AUTODETECT spr round 5 (radius: 25)
[00:22:16 -62899.692809] SPR radius for FAST iterations: 25 (autodetect)
[00:22:16 -62899.692809] Model parameter optimization (eps = 3.000000)
[00:22:19 -62892.418437] FAST spr round 1 (radius: 25)
[00:22:30] [worker #2] ML tree search #11, logLikelihood: -62702.562353
[00:22:46 -62761.356750] FAST spr round 2 (radius: 25)
[00:23:06 -62724.415633] FAST spr round 3 (radius: 25)
[00:23:22 -62711.916549] FAST spr round 4 (radius: 25)
[00:23:35 -62694.476863] FAST spr round 5 (radius: 25)
[00:23:47 -62694.164813] Model parameter optimization (eps = 1.000000)
[00:23:50 -62692.405956] SLOW spr round 1 (radius: 5)
[00:24:08 -62688.684636] SLOW spr round 2 (radius: 10)
[00:24:28 -62686.960477] SLOW spr round 3 (radius: 15)
[00:25:10 -62686.957568] SLOW spr round 4 (radius: 20)
[00:25:43 -62686.957553] SLOW spr round 5 (radius: 25)
[00:25:58] [worker #3] ML tree search #16, logLikelihood: -62696.994295
[00:26:03 -62686.957553] Model parameter optimization (eps = 0.100000)

[00:26:04] [worker #0] ML tree search #13, logLikelihood: -62686.690819

[00:26:04 -69678.787401] Initial branch length optimization
[00:26:05 -65410.826470] Model parameter optimization (eps = 10.000000)
[00:26:10 -63445.365878] AUTODETECT spr round 1 (radius: 5)
[00:26:14 -63021.327822] AUTODETECT spr round 2 (radius: 10)
[00:26:28 -62943.130243] AUTODETECT spr round 3 (radius: 15)
[00:26:30] [worker #1] ML tree search #14, logLikelihood: -62705.488507
[00:27:01 -62888.029696] AUTODETECT spr round 4 (radius: 20)
[00:27:32 -62880.271164] AUTODETECT spr round 5 (radius: 25)
[00:27:36] [worker #2] ML tree search #15, logLikelihood: -62725.061823
[00:27:46 -62880.024139] SPR radius for FAST iterations: 25 (autodetect)
[00:27:46 -62880.024139] Model parameter optimization (eps = 3.000000)
[00:27:49 -62876.113258] FAST spr round 1 (radius: 25)
[00:28:20 -62760.099941] FAST spr round 2 (radius: 25)
[00:28:42 -62732.201955] FAST spr round 3 (radius: 25)
[00:28:59 -62719.802289] FAST spr round 4 (radius: 25)
[00:29:12 -62717.387066] Model parameter optimization (eps = 1.000000)
[00:29:14 -62715.485487] SLOW spr round 1 (radius: 5)
[00:29:31 -62712.163028] SLOW spr round 2 (radius: 10)
[00:29:52 -62710.936878] SLOW spr round 3 (radius: 15)
[00:30:31 -62710.930381] SLOW spr round 4 (radius: 20)
[00:31:07 -62710.053223] SLOW spr round 5 (radius: 25)
[00:31:26 -62710.041119] Model parameter optimization (eps = 0.100000)

[00:31:28] [worker #0] ML tree search #17, logLikelihood: -62709.641791

[00:31:32] [worker #3] ML tree search #20, logLikelihood: -62740.971377
[00:31:36] [worker #1] ML tree search #18, logLikelihood: -62723.870807
[00:32:10] [worker #2] ML tree search #19, logLikelihood: -62711.848855

Optimized model parameters:

   Partition 0: noname
   Rate heterogeneity: GAMMA (4 cats, mean),  alpha: 0.783906 (ML),  weights&rates: (0.250000,0.092130) (0.250000,0.400573) (0.250000,0.952394) (0.250000,2.554903) 
   P-inv (ML): 0.091201
   Base frequencies (ML): 0.242202 0.227509 0.229916 0.300373 
   Substitution rates (ML): 1.168681 3.279234 1.359113 1.062887 4.219167 1.000000 


Final LogLikelihood: -62686.690819

AIC score: 126423.381638 / AICc score: 126892.625478 / BIC score: 129279.458645
Free parameters (model + branch lengths): 525

WARNING: Best ML tree contains 6 near-zero branches!

Best ML tree with collapsed near-zero branches saved to: /home/dzee/Documents/Projects/phylo-rl/raxml-ng/search/search.raxml.bestTreeCollapsed
Best ML tree saved to: /home/dzee/Documents/Projects/phylo-rl/raxml-ng/search/search.raxml.bestTree
All ML trees saved to: /home/dzee/Documents/Projects/phylo-rl/raxml-ng/search/search.raxml.mlTrees
Optimized model saved to: /home/dzee/Documents/Projects/phylo-rl/raxml-ng/search/search.raxml.bestModel

Execution log saved to: /home/dzee/Documents/Projects/phylo-rl/raxml-ng/search/search.raxml.log

Analysis started: 29-Aug-2025 17:43:38 / finished: 29-Aug-2025 18:15:49

Elapsed time: 1930.704 seconds

